2022-08-26T14:28:57+00:00 DEBUG [UpdateShipmentsCronTask.php:102] execute
2022-08-26T14:28:57+00:00 DEBUG [OrderShipments.php:241] getInTransit, minStatusChangedTime: 1660660137, maxUpdatedTime: 1661502537, limit: 100, offset: 0
2022-08-26T14:28:57+00:00 DEBUG [OrderShipments.php:264] Query: SELECT t_shipments.*, t_updated.meta_value AS updated, t_status_changed.meta_value AS changed
			FROM wp_postmeta t_shipments 
				INNER JOIN wp_postmeta t_updated ON t_updated.post_id = t_shipments.post_id AND t_updated.meta_key = 'wc-shippo-shipping_shipments_updated'
				LEFT JOIN wp_postmeta t_status_changed ON t_status_changed.post_id = t_shipments.post_id AND t_status_changed.meta_key = 'wc-shippo-shipping_shipments_status_changed'
			WHERE t_shipments.meta_key = 'wc-shippo-shipping_shipments' 
				AND CAST(t_updated.meta_value AS SIGNED) <= 1661502537
				AND (t_status_changed.meta_value IS NULL OR CAST(t_status_changed.meta_value AS SIGNED) >= 1660660137)
			ORDER BY updated ASC
			LIMIT 0,100
2022-08-26T14:28:57+00:00 DEBUG [OrderShipments.php:270] Number of rows: 0
2022-08-26T14:28:57+00:00 DEBUG [UpdateShipmentsCronTask.php:116] We have 0 shipments to check
2022-08-26T14:28:57+00:00 DEBUG [UpdateShipmentsCronTask.php:138] finished
2022-08-26T15:00:46+00:00 DEBUG [UpdateShipmentsCronTask.php:102] execute
2022-08-26T15:00:46+00:00 DEBUG [OrderShipments.php:241] getInTransit, minStatusChangedTime: 1660662046, maxUpdatedTime: 1661504446, limit: 100, offset: 0
2022-08-26T15:00:46+00:00 DEBUG [OrderShipments.php:264] Query: SELECT t_shipments.*, t_updated.meta_value AS updated, t_status_changed.meta_value AS changed
			FROM wp_postmeta t_shipments 
				INNER JOIN wp_postmeta t_updated ON t_updated.post_id = t_shipments.post_id AND t_updated.meta_key = 'wc-shippo-shipping_shipments_updated'
				LEFT JOIN wp_postmeta t_status_changed ON t_status_changed.post_id = t_shipments.post_id AND t_status_changed.meta_key = 'wc-shippo-shipping_shipments_status_changed'
			WHERE t_shipments.meta_key = 'wc-shippo-shipping_shipments' 
				AND CAST(t_updated.meta_value AS SIGNED) <= 1661504446
				AND (t_status_changed.meta_value IS NULL OR CAST(t_status_changed.meta_value AS SIGNED) >= 1660662046)
			ORDER BY updated ASC
			LIMIT 0,100
2022-08-26T15:00:46+00:00 DEBUG [OrderShipments.php:270] Number of rows: 0
2022-08-26T15:00:46+00:00 DEBUG [UpdateShipmentsCronTask.php:116] We have 0 shipments to check
2022-08-26T15:00:46+00:00 DEBUG [UpdateShipmentsCronTask.php:138] finished
2022-08-26T15:55:54+00:00 DEBUG [UpdateShipmentsCronTask.php:102] execute
2022-08-26T15:55:54+00:00 DEBUG [OrderShipments.php:241] getInTransit, minStatusChangedTime: 1660665354, maxUpdatedTime: 1661507754, limit: 100, offset: 0
2022-08-26T15:55:54+00:00 DEBUG [OrderShipments.php:264] Query: SELECT t_shipments.*, t_updated.meta_value AS updated, t_status_changed.meta_value AS changed
			FROM wp_postmeta t_shipments 
				INNER JOIN wp_postmeta t_updated ON t_updated.post_id = t_shipments.post_id AND t_updated.meta_key = 'wc-shippo-shipping_shipments_updated'
				LEFT JOIN wp_postmeta t_status_changed ON t_status_changed.post_id = t_shipments.post_id AND t_status_changed.meta_key = 'wc-shippo-shipping_shipments_status_changed'
			WHERE t_shipments.meta_key = 'wc-shippo-shipping_shipments' 
				AND CAST(t_updated.meta_value AS SIGNED) <= 1661507754
				AND (t_status_changed.meta_value IS NULL OR CAST(t_status_changed.meta_value AS SIGNED) >= 1660665354)
			ORDER BY updated ASC
			LIMIT 0,100
2022-08-26T15:55:54+00:00 DEBUG [OrderShipments.php:270] Number of rows: 0
2022-08-26T15:55:54+00:00 DEBUG [UpdateShipmentsCronTask.php:116] We have 0 shipments to check
2022-08-26T15:55:54+00:00 DEBUG [UpdateShipmentsCronTask.php:138] finished
