2022-08-24T00:36:24+00:00 DEBUG [UpdateShipmentsCronTask.php:102] execute
2022-08-24T00:36:24+00:00 DEBUG [OrderShipments.php:241] getInTransit, minStatusChangedTime: 1660437384, maxUpdatedTime: 1661279784, limit: 100, offset: 0
2022-08-24T00:36:24+00:00 DEBUG [OrderShipments.php:264] Query: SELECT t_shipments.*, t_updated.meta_value AS updated, t_status_changed.meta_value AS changed
			FROM wp_postmeta t_shipments 
				INNER JOIN wp_postmeta t_updated ON t_updated.post_id = t_shipments.post_id AND t_updated.meta_key = 'wc-shippo-shipping_shipments_updated'
				LEFT JOIN wp_postmeta t_status_changed ON t_status_changed.post_id = t_shipments.post_id AND t_status_changed.meta_key = 'wc-shippo-shipping_shipments_status_changed'
			WHERE t_shipments.meta_key = 'wc-shippo-shipping_shipments' 
				AND CAST(t_updated.meta_value AS SIGNED) <= 1661279784
				AND (t_status_changed.meta_value IS NULL OR CAST(t_status_changed.meta_value AS SIGNED) >= 1660437384)
			ORDER BY updated ASC
			LIMIT 0,100
2022-08-24T00:36:24+00:00 DEBUG [OrderShipments.php:270] Number of rows: 0
2022-08-24T00:36:24+00:00 DEBUG [UpdateShipmentsCronTask.php:116] We have 0 shipments to check
2022-08-24T00:36:24+00:00 DEBUG [UpdateShipmentsCronTask.php:138] finished
2022-08-24T03:00:48+00:00 DEBUG [UpdateShipmentsCronTask.php:102] execute
2022-08-24T03:00:48+00:00 DEBUG [OrderShipments.php:241] getInTransit, minStatusChangedTime: 1660446048, maxUpdatedTime: 1661288448, limit: 100, offset: 0
2022-08-24T03:00:48+00:00 DEBUG [OrderShipments.php:264] Query: SELECT t_shipments.*, t_updated.meta_value AS updated, t_status_changed.meta_value AS changed
			FROM wp_postmeta t_shipments 
				INNER JOIN wp_postmeta t_updated ON t_updated.post_id = t_shipments.post_id AND t_updated.meta_key = 'wc-shippo-shipping_shipments_updated'
				LEFT JOIN wp_postmeta t_status_changed ON t_status_changed.post_id = t_shipments.post_id AND t_status_changed.meta_key = 'wc-shippo-shipping_shipments_status_changed'
			WHERE t_shipments.meta_key = 'wc-shippo-shipping_shipments' 
				AND CAST(t_updated.meta_value AS SIGNED) <= 1661288448
				AND (t_status_changed.meta_value IS NULL OR CAST(t_status_changed.meta_value AS SIGNED) >= 1660446048)
			ORDER BY updated ASC
			LIMIT 0,100
2022-08-24T03:00:48+00:00 DEBUG [OrderShipments.php:270] Number of rows: 0
2022-08-24T03:00:48+00:00 DEBUG [UpdateShipmentsCronTask.php:116] We have 0 shipments to check
2022-08-24T03:00:48+00:00 DEBUG [UpdateShipmentsCronTask.php:138] finished
2022-08-24T03:32:23+00:00 DEBUG [UpdateShipmentsCronTask.php:102] execute
2022-08-24T03:32:23+00:00 DEBUG [OrderShipments.php:241] getInTransit, minStatusChangedTime: 1660447943, maxUpdatedTime: 1661290343, limit: 100, offset: 0
2022-08-24T03:32:23+00:00 DEBUG [OrderShipments.php:264] Query: SELECT t_shipments.*, t_updated.meta_value AS updated, t_status_changed.meta_value AS changed
			FROM wp_postmeta t_shipments 
				INNER JOIN wp_postmeta t_updated ON t_updated.post_id = t_shipments.post_id AND t_updated.meta_key = 'wc-shippo-shipping_shipments_updated'
				LEFT JOIN wp_postmeta t_status_changed ON t_status_changed.post_id = t_shipments.post_id AND t_status_changed.meta_key = 'wc-shippo-shipping_shipments_status_changed'
			WHERE t_shipments.meta_key = 'wc-shippo-shipping_shipments' 
				AND CAST(t_updated.meta_value AS SIGNED) <= 1661290343
				AND (t_status_changed.meta_value IS NULL OR CAST(t_status_changed.meta_value AS SIGNED) >= 1660447943)
			ORDER BY updated ASC
			LIMIT 0,100
2022-08-24T03:32:23+00:00 DEBUG [OrderShipments.php:270] Number of rows: 0
2022-08-24T03:32:23+00:00 DEBUG [UpdateShipmentsCronTask.php:116] We have 0 shipments to check
2022-08-24T03:32:23+00:00 DEBUG [UpdateShipmentsCronTask.php:138] finished
2022-08-24T05:02:14+00:00 DEBUG [UpdateShipmentsCronTask.php:102] execute
2022-08-24T05:02:14+00:00 DEBUG [OrderShipments.php:241] getInTransit, minStatusChangedTime: 1660453334, maxUpdatedTime: 1661295734, limit: 100, offset: 0
2022-08-24T05:02:14+00:00 DEBUG [OrderShipments.php:264] Query: SELECT t_shipments.*, t_updated.meta_value AS updated, t_status_changed.meta_value AS changed
			FROM wp_postmeta t_shipments 
				INNER JOIN wp_postmeta t_updated ON t_updated.post_id = t_shipments.post_id AND t_updated.meta_key = 'wc-shippo-shipping_shipments_updated'
				LEFT JOIN wp_postmeta t_status_changed ON t_status_changed.post_id = t_shipments.post_id AND t_status_changed.meta_key = 'wc-shippo-shipping_shipments_status_changed'
			WHERE t_shipments.meta_key = 'wc-shippo-shipping_shipments' 
				AND CAST(t_updated.meta_value AS SIGNED) <= 1661295734
				AND (t_status_changed.meta_value IS NULL OR CAST(t_status_changed.meta_value AS SIGNED) >= 1660453334)
			ORDER BY updated ASC
			LIMIT 0,100
2022-08-24T05:02:14+00:00 DEBUG [OrderShipments.php:270] Number of rows: 0
2022-08-24T05:02:14+00:00 DEBUG [UpdateShipmentsCronTask.php:116] We have 0 shipments to check
2022-08-24T05:02:14+00:00 DEBUG [UpdateShipmentsCronTask.php:138] finished
2022-08-24T05:53:24+00:00 DEBUG [UpdateShipmentsCronTask.php:102] execute
2022-08-24T05:53:24+00:00 DEBUG [OrderShipments.php:241] getInTransit, minStatusChangedTime: 1660456404, maxUpdatedTime: 1661298804, limit: 100, offset: 0
2022-08-24T05:53:24+00:00 DEBUG [OrderShipments.php:264] Query: SELECT t_shipments.*, t_updated.meta_value AS updated, t_status_changed.meta_value AS changed
			FROM wp_postmeta t_shipments 
				INNER JOIN wp_postmeta t_updated ON t_updated.post_id = t_shipments.post_id AND t_updated.meta_key = 'wc-shippo-shipping_shipments_updated'
				LEFT JOIN wp_postmeta t_status_changed ON t_status_changed.post_id = t_shipments.post_id AND t_status_changed.meta_key = 'wc-shippo-shipping_shipments_status_changed'
			WHERE t_shipments.meta_key = 'wc-shippo-shipping_shipments' 
				AND CAST(t_updated.meta_value AS SIGNED) <= 1661298804
				AND (t_status_changed.meta_value IS NULL OR CAST(t_status_changed.meta_value AS SIGNED) >= 1660456404)
			ORDER BY updated ASC
			LIMIT 0,100
2022-08-24T05:53:24+00:00 DEBUG [OrderShipments.php:270] Number of rows: 0
2022-08-24T05:53:24+00:00 DEBUG [UpdateShipmentsCronTask.php:116] We have 0 shipments to check
2022-08-24T05:53:24+00:00 DEBUG [UpdateShipmentsCronTask.php:138] finished
2022-08-24T06:38:37+00:00 DEBUG [UpdateShipmentsCronTask.php:102] execute
2022-08-24T06:38:37+00:00 DEBUG [OrderShipments.php:241] getInTransit, minStatusChangedTime: 1660459117, maxUpdatedTime: 1661301517, limit: 100, offset: 0
2022-08-24T06:38:37+00:00 DEBUG [OrderShipments.php:264] Query: SELECT t_shipments.*, t_updated.meta_value AS updated, t_status_changed.meta_value AS changed
			FROM wp_postmeta t_shipments 
				INNER JOIN wp_postmeta t_updated ON t_updated.post_id = t_shipments.post_id AND t_updated.meta_key = 'wc-shippo-shipping_shipments_updated'
				LEFT JOIN wp_postmeta t_status_changed ON t_status_changed.post_id = t_shipments.post_id AND t_status_changed.meta_key = 'wc-shippo-shipping_shipments_status_changed'
			WHERE t_shipments.meta_key = 'wc-shippo-shipping_shipments' 
				AND CAST(t_updated.meta_value AS SIGNED) <= 1661301517
				AND (t_status_changed.meta_value IS NULL OR CAST(t_status_changed.meta_value AS SIGNED) >= 1660459117)
			ORDER BY updated ASC
			LIMIT 0,100
2022-08-24T06:38:37+00:00 DEBUG [OrderShipments.php:270] Number of rows: 0
2022-08-24T06:38:37+00:00 DEBUG [UpdateShipmentsCronTask.php:116] We have 0 shipments to check
2022-08-24T06:38:37+00:00 DEBUG [UpdateShipmentsCronTask.php:138] finished
2022-08-24T09:02:11+00:00 DEBUG [UpdateShipmentsCronTask.php:102] execute
2022-08-24T09:02:11+00:00 DEBUG [OrderShipments.php:241] getInTransit, minStatusChangedTime: 1660467731, maxUpdatedTime: 1661310131, limit: 100, offset: 0
2022-08-24T09:02:11+00:00 DEBUG [OrderShipments.php:264] Query: SELECT t_shipments.*, t_updated.meta_value AS updated, t_status_changed.meta_value AS changed
			FROM wp_postmeta t_shipments 
				INNER JOIN wp_postmeta t_updated ON t_updated.post_id = t_shipments.post_id AND t_updated.meta_key = 'wc-shippo-shipping_shipments_updated'
				LEFT JOIN wp_postmeta t_status_changed ON t_status_changed.post_id = t_shipments.post_id AND t_status_changed.meta_key = 'wc-shippo-shipping_shipments_status_changed'
			WHERE t_shipments.meta_key = 'wc-shippo-shipping_shipments' 
				AND CAST(t_updated.meta_value AS SIGNED) <= 1661310131
				AND (t_status_changed.meta_value IS NULL OR CAST(t_status_changed.meta_value AS SIGNED) >= 1660467731)
			ORDER BY updated ASC
			LIMIT 0,100
2022-08-24T09:02:11+00:00 DEBUG [OrderShipments.php:270] Number of rows: 0
2022-08-24T09:02:11+00:00 DEBUG [UpdateShipmentsCronTask.php:116] We have 0 shipments to check
2022-08-24T09:02:11+00:00 DEBUG [UpdateShipmentsCronTask.php:138] finished
2022-08-24T09:38:45+00:00 DEBUG [ImportShipmentsCronTask.php:94] execute
2022-08-24T09:38:45+00:00 DEBUG [EndPointFactory.php:93] create, endPointName: GetTransactions
2022-08-24T09:38:45+00:00 DEBUG [EndPointFactory.php:98] EndPoint class name: \OneTeamSoftware\ShippingCarrier\Shippo\EndPoint\GetTransactions
2022-08-24T09:38:45+00:00 DEBUG [RequestExecutor.php:84] execute, canUse: yes, route: transactions?results=100, method: GET
2022-08-24T09:38:45+00:00 DEBUG [Client.php:63] sendAsync, method: GET, uri: https://api.goshippo.com/transactions?results=100, headers: Array
(
    [Content-Type] => application/json
    [Authorization] => ShippoToken shippo_live_e7cf86bf957ad2eba28934a0293560bdb5d498d2
)
, body: []
2022-08-24T09:38:45+00:00 DEBUG [Client.php:98] Response code: 200, contents: {"next": null, "previous": null, "results": []}
2022-08-24T09:38:45+00:00 DEBUG [JsonResponseHandler.php:28] Response: {"next": null, "previous": null, "results": []}
2022-08-24T09:38:45+00:00 DEBUG [GetTransactions.php:118] getResponse: Array
(
    [next] => 
    [previous] => 
    [results] => Array
        (
        )

)

2022-08-24T09:38:45+00:00 DEBUG [GetTransactions.php:121] No transactions have been returned
2022-08-24T09:38:45+00:00 DEBUG [UpdateShipmentsCronTask.php:102] execute
2022-08-24T09:38:45+00:00 DEBUG [OrderShipments.php:241] getInTransit, minStatusChangedTime: 1660469925, maxUpdatedTime: 1661312325, limit: 100, offset: 0
2022-08-24T09:38:45+00:00 DEBUG [OrderShipments.php:264] Query: SELECT t_shipments.*, t_updated.meta_value AS updated, t_status_changed.meta_value AS changed
			FROM wp_postmeta t_shipments 
				INNER JOIN wp_postmeta t_updated ON t_updated.post_id = t_shipments.post_id AND t_updated.meta_key = 'wc-shippo-shipping_shipments_updated'
				LEFT JOIN wp_postmeta t_status_changed ON t_status_changed.post_id = t_shipments.post_id AND t_status_changed.meta_key = 'wc-shippo-shipping_shipments_status_changed'
			WHERE t_shipments.meta_key = 'wc-shippo-shipping_shipments' 
				AND CAST(t_updated.meta_value AS SIGNED) <= 1661312325
				AND (t_status_changed.meta_value IS NULL OR CAST(t_status_changed.meta_value AS SIGNED) >= 1660469925)
			ORDER BY updated ASC
			LIMIT 0,100
2022-08-24T09:38:45+00:00 DEBUG [OrderShipments.php:270] Number of rows: 0
2022-08-24T09:38:45+00:00 DEBUG [UpdateShipmentsCronTask.php:116] We have 0 shipments to check
2022-08-24T09:38:45+00:00 DEBUG [UpdateShipmentsCronTask.php:138] finished
2022-08-24T10:31:42+00:00 DEBUG [UpdateShipmentsCronTask.php:102] execute
2022-08-24T10:31:42+00:00 DEBUG [OrderShipments.php:241] getInTransit, minStatusChangedTime: 1660473102, maxUpdatedTime: 1661315502, limit: 100, offset: 0
2022-08-24T10:31:42+00:00 DEBUG [OrderShipments.php:264] Query: SELECT t_shipments.*, t_updated.meta_value AS updated, t_status_changed.meta_value AS changed
			FROM wp_postmeta t_shipments 
				INNER JOIN wp_postmeta t_updated ON t_updated.post_id = t_shipments.post_id AND t_updated.meta_key = 'wc-shippo-shipping_shipments_updated'
				LEFT JOIN wp_postmeta t_status_changed ON t_status_changed.post_id = t_shipments.post_id AND t_status_changed.meta_key = 'wc-shippo-shipping_shipments_status_changed'
			WHERE t_shipments.meta_key = 'wc-shippo-shipping_shipments' 
				AND CAST(t_updated.meta_value AS SIGNED) <= 1661315502
				AND (t_status_changed.meta_value IS NULL OR CAST(t_status_changed.meta_value AS SIGNED) >= 1660473102)
			ORDER BY updated ASC
			LIMIT 0,100
2022-08-24T10:31:42+00:00 DEBUG [OrderShipments.php:270] Number of rows: 0
2022-08-24T10:31:42+00:00 DEBUG [UpdateShipmentsCronTask.php:116] We have 0 shipments to check
2022-08-24T10:31:42+00:00 DEBUG [UpdateShipmentsCronTask.php:138] finished
2022-08-24T11:53:39+00:00 DEBUG [UpdateShipmentsCronTask.php:102] execute
2022-08-24T11:53:39+00:00 DEBUG [OrderShipments.php:241] getInTransit, minStatusChangedTime: 1660478019, maxUpdatedTime: 1661320419, limit: 100, offset: 0
2022-08-24T11:53:39+00:00 DEBUG [OrderShipments.php:264] Query: SELECT t_shipments.*, t_updated.meta_value AS updated, t_status_changed.meta_value AS changed
			FROM wp_postmeta t_shipments 
				INNER JOIN wp_postmeta t_updated ON t_updated.post_id = t_shipments.post_id AND t_updated.meta_key = 'wc-shippo-shipping_shipments_updated'
				LEFT JOIN wp_postmeta t_status_changed ON t_status_changed.post_id = t_shipments.post_id AND t_status_changed.meta_key = 'wc-shippo-shipping_shipments_status_changed'
			WHERE t_shipments.meta_key = 'wc-shippo-shipping_shipments' 
				AND CAST(t_updated.meta_value AS SIGNED) <= 1661320419
				AND (t_status_changed.meta_value IS NULL OR CAST(t_status_changed.meta_value AS SIGNED) >= 1660478019)
			ORDER BY updated ASC
			LIMIT 0,100
2022-08-24T11:53:39+00:00 DEBUG [OrderShipments.php:270] Number of rows: 0
2022-08-24T11:53:39+00:00 DEBUG [UpdateShipmentsCronTask.php:116] We have 0 shipments to check
2022-08-24T11:53:39+00:00 DEBUG [UpdateShipmentsCronTask.php:138] finished
2022-08-24T13:40:48+00:00 DEBUG [UpdateShipmentsCronTask.php:102] execute
2022-08-24T13:40:48+00:00 DEBUG [OrderShipments.php:241] getInTransit, minStatusChangedTime: 1660484448, maxUpdatedTime: 1661326848, limit: 100, offset: 0
2022-08-24T13:40:48+00:00 DEBUG [OrderShipments.php:264] Query: SELECT t_shipments.*, t_updated.meta_value AS updated, t_status_changed.meta_value AS changed
			FROM wp_postmeta t_shipments 
				INNER JOIN wp_postmeta t_updated ON t_updated.post_id = t_shipments.post_id AND t_updated.meta_key = 'wc-shippo-shipping_shipments_updated'
				LEFT JOIN wp_postmeta t_status_changed ON t_status_changed.post_id = t_shipments.post_id AND t_status_changed.meta_key = 'wc-shippo-shipping_shipments_status_changed'
			WHERE t_shipments.meta_key = 'wc-shippo-shipping_shipments' 
				AND CAST(t_updated.meta_value AS SIGNED) <= 1661326848
				AND (t_status_changed.meta_value IS NULL OR CAST(t_status_changed.meta_value AS SIGNED) >= 1660484448)
			ORDER BY updated ASC
			LIMIT 0,100
2022-08-24T13:40:48+00:00 DEBUG [OrderShipments.php:270] Number of rows: 0
2022-08-24T13:40:48+00:00 DEBUG [UpdateShipmentsCronTask.php:116] We have 0 shipments to check
2022-08-24T13:40:48+00:00 DEBUG [UpdateShipmentsCronTask.php:138] finished
2022-08-24T14:49:23+00:00 DEBUG [UpdateShipmentsCronTask.php:102] execute
2022-08-24T14:49:23+00:00 DEBUG [OrderShipments.php:241] getInTransit, minStatusChangedTime: 1660488563, maxUpdatedTime: 1661330963, limit: 100, offset: 0
2022-08-24T14:49:23+00:00 DEBUG [OrderShipments.php:264] Query: SELECT t_shipments.*, t_updated.meta_value AS updated, t_status_changed.meta_value AS changed
			FROM wp_postmeta t_shipments 
				INNER JOIN wp_postmeta t_updated ON t_updated.post_id = t_shipments.post_id AND t_updated.meta_key = 'wc-shippo-shipping_shipments_updated'
				LEFT JOIN wp_postmeta t_status_changed ON t_status_changed.post_id = t_shipments.post_id AND t_status_changed.meta_key = 'wc-shippo-shipping_shipments_status_changed'
			WHERE t_shipments.meta_key = 'wc-shippo-shipping_shipments' 
				AND CAST(t_updated.meta_value AS SIGNED) <= 1661330963
				AND (t_status_changed.meta_value IS NULL OR CAST(t_status_changed.meta_value AS SIGNED) >= 1660488563)
			ORDER BY updated ASC
			LIMIT 0,100
2022-08-24T14:49:23+00:00 DEBUG [OrderShipments.php:270] Number of rows: 0
2022-08-24T14:49:23+00:00 DEBUG [UpdateShipmentsCronTask.php:116] We have 0 shipments to check
2022-08-24T14:49:23+00:00 DEBUG [UpdateShipmentsCronTask.php:138] finished
2022-08-24T15:34:46+00:00 DEBUG [UpdateShipmentsCronTask.php:102] execute
2022-08-24T15:34:46+00:00 DEBUG [OrderShipments.php:241] getInTransit, minStatusChangedTime: 1660491286, maxUpdatedTime: 1661333686, limit: 100, offset: 0
2022-08-24T15:34:46+00:00 DEBUG [OrderShipments.php:264] Query: SELECT t_shipments.*, t_updated.meta_value AS updated, t_status_changed.meta_value AS changed
			FROM wp_postmeta t_shipments 
				INNER JOIN wp_postmeta t_updated ON t_updated.post_id = t_shipments.post_id AND t_updated.meta_key = 'wc-shippo-shipping_shipments_updated'
				LEFT JOIN wp_postmeta t_status_changed ON t_status_changed.post_id = t_shipments.post_id AND t_status_changed.meta_key = 'wc-shippo-shipping_shipments_status_changed'
			WHERE t_shipments.meta_key = 'wc-shippo-shipping_shipments' 
				AND CAST(t_updated.meta_value AS SIGNED) <= 1661333686
				AND (t_status_changed.meta_value IS NULL OR CAST(t_status_changed.meta_value AS SIGNED) >= 1660491286)
			ORDER BY updated ASC
			LIMIT 0,100
2022-08-24T15:34:46+00:00 DEBUG [OrderShipments.php:270] Number of rows: 0
2022-08-24T15:34:46+00:00 DEBUG [UpdateShipmentsCronTask.php:116] We have 0 shipments to check
2022-08-24T15:34:46+00:00 DEBUG [UpdateShipmentsCronTask.php:138] finished
2022-08-24T16:14:49+00:00 DEBUG [UpdateShipmentsCronTask.php:102] execute
2022-08-24T16:14:49+00:00 DEBUG [OrderShipments.php:241] getInTransit, minStatusChangedTime: 1660493689, maxUpdatedTime: 1661336089, limit: 100, offset: 0
2022-08-24T16:14:49+00:00 DEBUG [OrderShipments.php:264] Query: SELECT t_shipments.*, t_updated.meta_value AS updated, t_status_changed.meta_value AS changed
			FROM wp_postmeta t_shipments 
				INNER JOIN wp_postmeta t_updated ON t_updated.post_id = t_shipments.post_id AND t_updated.meta_key = 'wc-shippo-shipping_shipments_updated'
				LEFT JOIN wp_postmeta t_status_changed ON t_status_changed.post_id = t_shipments.post_id AND t_status_changed.meta_key = 'wc-shippo-shipping_shipments_status_changed'
			WHERE t_shipments.meta_key = 'wc-shippo-shipping_shipments' 
				AND CAST(t_updated.meta_value AS SIGNED) <= 1661336089
				AND (t_status_changed.meta_value IS NULL OR CAST(t_status_changed.meta_value AS SIGNED) >= 1660493689)
			ORDER BY updated ASC
			LIMIT 0,100
2022-08-24T16:14:49+00:00 DEBUG [OrderShipments.php:270] Number of rows: 0
2022-08-24T16:14:49+00:00 DEBUG [UpdateShipmentsCronTask.php:116] We have 0 shipments to check
2022-08-24T16:14:49+00:00 DEBUG [UpdateShipmentsCronTask.php:138] finished
2022-08-24T16:52:22+00:00 DEBUG [UpdateShipmentsCronTask.php:102] execute
2022-08-24T16:52:22+00:00 DEBUG [OrderShipments.php:241] getInTransit, minStatusChangedTime: 1660495942, maxUpdatedTime: 1661338342, limit: 100, offset: 0
2022-08-24T16:52:22+00:00 DEBUG [OrderShipments.php:264] Query: SELECT t_shipments.*, t_updated.meta_value AS updated, t_status_changed.meta_value AS changed
			FROM wp_postmeta t_shipments 
				INNER JOIN wp_postmeta t_updated ON t_updated.post_id = t_shipments.post_id AND t_updated.meta_key = 'wc-shippo-shipping_shipments_updated'
				LEFT JOIN wp_postmeta t_status_changed ON t_status_changed.post_id = t_shipments.post_id AND t_status_changed.meta_key = 'wc-shippo-shipping_shipments_status_changed'
			WHERE t_shipments.meta_key = 'wc-shippo-shipping_shipments' 
				AND CAST(t_updated.meta_value AS SIGNED) <= 1661338342
				AND (t_status_changed.meta_value IS NULL OR CAST(t_status_changed.meta_value AS SIGNED) >= 1660495942)
			ORDER BY updated ASC
			LIMIT 0,100
2022-08-24T16:52:22+00:00 DEBUG [OrderShipments.php:270] Number of rows: 0
2022-08-24T16:52:22+00:00 DEBUG [UpdateShipmentsCronTask.php:116] We have 0 shipments to check
2022-08-24T16:52:22+00:00 DEBUG [UpdateShipmentsCronTask.php:138] finished
2022-08-24T17:55:30+00:00 DEBUG [UpdateShipmentsCronTask.php:102] execute
2022-08-24T17:55:30+00:00 DEBUG [OrderShipments.php:241] getInTransit, minStatusChangedTime: 1660499730, maxUpdatedTime: 1661342130, limit: 100, offset: 0
2022-08-24T17:55:30+00:00 DEBUG [OrderShipments.php:264] Query: SELECT t_shipments.*, t_updated.meta_value AS updated, t_status_changed.meta_value AS changed
			FROM wp_postmeta t_shipments 
				INNER JOIN wp_postmeta t_updated ON t_updated.post_id = t_shipments.post_id AND t_updated.meta_key = 'wc-shippo-shipping_shipments_updated'
				LEFT JOIN wp_postmeta t_status_changed ON t_status_changed.post_id = t_shipments.post_id AND t_status_changed.meta_key = 'wc-shippo-shipping_shipments_status_changed'
			WHERE t_shipments.meta_key = 'wc-shippo-shipping_shipments' 
				AND CAST(t_updated.meta_value AS SIGNED) <= 1661342130
				AND (t_status_changed.meta_value IS NULL OR CAST(t_status_changed.meta_value AS SIGNED) >= 1660499730)
			ORDER BY updated ASC
			LIMIT 0,100
2022-08-24T17:55:30+00:00 DEBUG [OrderShipments.php:270] Number of rows: 0
2022-08-24T17:55:30+00:00 DEBUG [UpdateShipmentsCronTask.php:116] We have 0 shipments to check
2022-08-24T17:55:30+00:00 DEBUG [UpdateShipmentsCronTask.php:138] finished
2022-08-24T19:08:46+00:00 DEBUG [OrderShipments.php:100] get, orderId: 338, shipmentId: , vendorId: 0
2022-08-24T19:08:46+00:00 DEBUG [OrderShipments.php:121] found shipments: Array
(
)

2022-08-24T19:08:46+00:00 DEBUG [Shipping.php:563] getOrderShipments, orderId: 338, vendorId: 0, shipments: Array
(
)

2022-08-24T19:20:12+00:00 DEBUG [UpdateShipmentsCronTask.php:102] execute
2022-08-24T19:20:12+00:00 DEBUG [OrderShipments.php:241] getInTransit, minStatusChangedTime: 1660504812, maxUpdatedTime: 1661347212, limit: 100, offset: 0
2022-08-24T19:20:12+00:00 DEBUG [OrderShipments.php:264] Query: SELECT t_shipments.*, t_updated.meta_value AS updated, t_status_changed.meta_value AS changed
			FROM wp_postmeta t_shipments 
				INNER JOIN wp_postmeta t_updated ON t_updated.post_id = t_shipments.post_id AND t_updated.meta_key = 'wc-shippo-shipping_shipments_updated'
				LEFT JOIN wp_postmeta t_status_changed ON t_status_changed.post_id = t_shipments.post_id AND t_status_changed.meta_key = 'wc-shippo-shipping_shipments_status_changed'
			WHERE t_shipments.meta_key = 'wc-shippo-shipping_shipments' 
				AND CAST(t_updated.meta_value AS SIGNED) <= 1661347212
				AND (t_status_changed.meta_value IS NULL OR CAST(t_status_changed.meta_value AS SIGNED) >= 1660504812)
			ORDER BY updated ASC
			LIMIT 0,100
2022-08-24T19:20:12+00:00 DEBUG [OrderShipments.php:270] Number of rows: 0
2022-08-24T19:20:12+00:00 DEBUG [UpdateShipmentsCronTask.php:116] We have 0 shipments to check
2022-08-24T19:20:12+00:00 DEBUG [UpdateShipmentsCronTask.php:138] finished
2022-08-24T19:50:51+00:00 DEBUG [UpdateShipmentsCronTask.php:102] execute
2022-08-24T19:50:51+00:00 DEBUG [OrderShipments.php:241] getInTransit, minStatusChangedTime: 1660506651, maxUpdatedTime: 1661349051, limit: 100, offset: 0
2022-08-24T19:50:51+00:00 DEBUG [OrderShipments.php:264] Query: SELECT t_shipments.*, t_updated.meta_value AS updated, t_status_changed.meta_value AS changed
			FROM wp_postmeta t_shipments 
				INNER JOIN wp_postmeta t_updated ON t_updated.post_id = t_shipments.post_id AND t_updated.meta_key = 'wc-shippo-shipping_shipments_updated'
				LEFT JOIN wp_postmeta t_status_changed ON t_status_changed.post_id = t_shipments.post_id AND t_status_changed.meta_key = 'wc-shippo-shipping_shipments_status_changed'
			WHERE t_shipments.meta_key = 'wc-shippo-shipping_shipments' 
				AND CAST(t_updated.meta_value AS SIGNED) <= 1661349051
				AND (t_status_changed.meta_value IS NULL OR CAST(t_status_changed.meta_value AS SIGNED) >= 1660506651)
			ORDER BY updated ASC
			LIMIT 0,100
2022-08-24T19:50:51+00:00 DEBUG [OrderShipments.php:270] Number of rows: 0
2022-08-24T19:50:51+00:00 DEBUG [UpdateShipmentsCronTask.php:116] We have 0 shipments to check
2022-08-24T19:50:51+00:00 DEBUG [UpdateShipmentsCronTask.php:138] finished
2022-08-24T20:17:26+00:00 DEBUG [ShippingMethodPro.php:364] loadVendorSettings, vendorId: 1
2022-08-24T20:17:26+00:00 DEBUG [ShippingMethod.php:406] is_available
2022-08-24T20:17:26+00:00 DEBUG [ShippingMethod.php:512] syncSettings
2022-08-24T20:17:26+00:00 DEBUG [ShippingMethod.php:514] General Settings: Array
(
    [licenseKey] => YSGI-AWVZ-SILD-AE1K-0I0X-KG41
    [enabled] => yes
    [debug] => yes
    [cache] => yes
    [cacheExpirationInSecs] => 43200
    [timeout] => 45
    [sandbox] => no
    [validateProducts] => yes
    [displayAdvancedSettings] => no
    [combineBoxes] => yes
    [useCubeDimensions] => no
    [enableLiveShippingRates] => yes
    [validateAddress] => yes
    [requireCompanyName] => no
    [cod] => no
    [cod_method] => ANY
    [insurance] => no
    [signature] => no
    [signature_type] => 
    [saturday_delivery] => no
    [hold_for_pickup] => no
    [enableBulkShipmentCreation] => no
    [useServiceSettingsForBulkShipmentCreation] => no
    [requireToBulkCreateShipments] => no
    [requireToBulkPurchasePostage] => no
    [requireToBulkPurchaseNewPostage] => no
    [allowMultipleShipments] => yes
    [requireToFetchShippingRates] => yes
    [requireToCreateShipment] => no
    [requireToPurchasePostage] => no
    [requireToConfirmShipmentDetails] => yes
    [pdfAutoPrint] => no
    [pdfAutoPrintDialog] => yes
    [importShipmentsEnabled] => yes
    [importShipmentsCronTaskInterval] => 86400
    [importShipmentsMaxLimit] => 100
    [createOrderEnabled] => no
    [createOrderCronTaskInterval] => 86400
    [createOrderDelayBetweenAttempts] => 172800
    [createOrderMaxLimit] => 100
    [updateShipmentsEnabled] => yes
    [updateShipmentsCronTaskInterval] => 1800
    [updateShipmentsFetchInterval] => 21600
    [updateShipmentsStatusChangeTimeout] => 864000
    [updateShipmentsMaxLimit] => 100
    [shippingZones] => no
    [displayDeliveryTime] => yes
    [displayTrackingType] => no
    [mediaMail] => exclude
    [notifyForStatus] => Array
        (
            [0] => any
        )

    [completeOrderForStatuses] => 
    [fetchRatesPageCondition] => 
    [fetchRatesOnPages] => Array
        (
            [0] => any
            [1] => cart
            [2] => checkout
        )

    [defaultCountryOfOrigin] => US
    [defaultShipmentDescription] => Freeze Dried Meals
    [origin] => Array
        (
            [name] => 
            [company] => Alpine Ranch
            [email] => info@alpineranch.net
            [phone] => 18008888888
            [country] => US
            [state] => ID
            [city] => Emmett
            [postcode] => 83617
            [address] => 2447 W Highway 52
            [address_2] => 
        )

    [weight_unit] => oz
    [dimension_unit] => in
    [defaultWeight] => 3.53
    [defaultLength] => 3.94
    [defaultWidth] => 3.94
    [defaultHeight] => 1.97
    [minWeight] => 3.53
    [minLength] => 7.87
    [minWidth] => 7.87
    [minHeight] => 0.79
    [liveApiToken] => shippo_live_e7cf86bf957ad2eba28934a0293560bdb5d498d2
    [testApiToken] => 
    [labelFileType] => PDF_4x6
    [defaultTariff] => 
    [minRateCost] => 
    [maxRateCost] => 
    [maxShippingRates] => 3
    [weightAdjustment] => 
    [weightAdjustmentPercent] => 
    [priceAdjustment] => 
    [priceAdjustmentPercent] => 
    [createOrderForStatuses] => 
    [defaultContents] => MERCHANDISE
    [defaultDomesticService] => 
    [defaultInternationService] => 
    [useSellerAddress] => yes
    [shippingZoneFields] => 
    [signatureCondition] => 
    [signatureMinTotalPrice] => 
    [alcoholCondition] => 
    [boxes] => Array
        (
            [0] => Array
                (
                    [enabled] => yes
                    [boxName] => Large Priority Mail Box
                    [type] => parcel
                    [maxweight] => 120
                    [length] => 12.25
                    [width] => 12
                    [height] => 8
                    [thickness] => 0
                    [weight] => 11
                )

            [1] => Array
                (
                    [enabled] => yes
                    [boxName] => Flat Mailing Box
                    [type] => parcel
                    [maxweight] => 64
                    [length] => 13.68
                    [width] => 12
                    [height] => 2.87
                    [thickness] => 0
                    [weight] => 5.7
                )

        )

    [enableServices] => no
    [services] => Array
        (
            [usps_parcel_select] => Array
                (
                    [enabled] => yes
                    [title] => USPS Parcel Select 1
                    [optionsOperator] => and
                    [condition] => Array
                        (
                        )

                    [priceAdjustment] => 2
                    [priceAdjustmentPercent] => 
                )

            [usps_priority] => Array
                (
                    [enabled] => yes
                    [title] => USPS Priority Mail 1
                    [optionsOperator] => and
                    [condition] => Array
                        (
                        )

                    [priceAdjustment] => 1
                    [priceAdjustmentPercent] => 
                )

            [usps_priority_express] => Array
                (
                    [enabled] => yes
                    [title] => USPS Priority Mail Express 1
                    [optionsOperator] => and
                    [condition] => Array
                        (
                        )

                    [priceAdjustment] => 2.5
                    [priceAdjustmentPercent] => 
                )

        )

)

2022-08-24T20:17:26+00:00 DEBUG [EndPointFactory.php:93] create, endPointName: GetCarriers
2022-08-24T20:17:26+00:00 DEBUG [EndPointFactory.php:98] EndPoint class name: OneTeamSoftware\ShippingCarrier\AbstractAdapter\EndPoint\NotFoundEndPoint
2022-08-24T20:17:26+00:00 DEBUG [NotFoundEndPoint.php:16] Unable to use NotFoundEndPoint
2022-08-24T20:17:26+00:00 DEBUG [PackagePropertiesBuilder.php:88] setSettings: Array
(
    [signature] => no
    [signature_type] => 
    [mediaMail] => exclude
    [signatureCondition] => 
    [signatureMinTotalPrice] => 
)

2022-08-24T20:17:26+00:00 DEBUG [RatesFilter.php:85] setSettings: Array
(
    [minRateCost] => 
    [maxRateCost] => 
    [maxShippingRates] => 3
    [priceAdjustmentPercent] => 
    [priceAdjustment] => 
    [services] => Array
        (
            [usps_parcel_select] => Array
                (
                    [enabled] => yes
                    [title] => USPS Parcel Select 1
                    [optionsOperator] => and
                    [condition] => Array
                        (
                        )

                    [priceAdjustment] => 2
                    [priceAdjustmentPercent] => 
                )

            [usps_priority] => Array
                (
                    [enabled] => yes
                    [title] => USPS Priority Mail 1
                    [optionsOperator] => and
                    [condition] => Array
                        (
                        )

                    [priceAdjustment] => 1
                    [priceAdjustmentPercent] => 
                )

            [usps_priority_express] => Array
                (
                    [enabled] => yes
                    [title] => USPS Priority Mail Express 1
                    [optionsOperator] => and
                    [condition] => Array
                        (
                        )

                    [priceAdjustment] => 2.5
                    [priceAdjustmentPercent] => 
                )

        )

    [enableServices] => no
)

2022-08-24T20:17:26+00:00 DEBUG [ShippingMethod.php:441] Is shipping method available? yes
2022-08-24T20:17:26+00:00 DEBUG [ServicesMatcher.php:74] Service Settings: Array
(
    [usps_parcel_select] => Array
        (
            [enabled] => yes
            [title] => USPS Parcel Select 1
            [optionsOperator] => and
            [condition] => Array
                (
                )

            [priceAdjustment] => 2
            [priceAdjustmentPercent] => 
        )

    [usps_priority] => Array
        (
            [enabled] => yes
            [title] => USPS Priority Mail 1
            [optionsOperator] => and
            [condition] => Array
                (
                )

            [priceAdjustment] => 1
            [priceAdjustmentPercent] => 
        )

    [usps_priority_express] => Array
        (
            [enabled] => yes
            [title] => USPS Priority Mail Express 1
            [optionsOperator] => and
            [condition] => Array
                (
                )

            [priceAdjustment] => 2.5
            [priceAdjustmentPercent] => 
        )

)

2022-08-24T20:17:26+00:00 DEBUG [ServicesMatcher.php:85] getServiceMatches
2022-08-24T20:17:26+00:00 DEBUG [ServicesMatcher.php:105] addRule, service: usps_parcel_select, settings: Array
(
    [enabled] => yes
    [title] => USPS Parcel Select 1
    [optionsOperator] => and
    [condition] => Array
        (
        )

    [priceAdjustment] => 2
    [priceAdjustmentPercent] => 
)

2022-08-24T20:17:26+00:00 DEBUG [ServicesMatcher.php:135] Conditions are not set
2022-08-24T20:17:26+00:00 DEBUG [ServicesMatcher.php:105] addRule, service: usps_priority, settings: Array
(
    [enabled] => yes
    [title] => USPS Priority Mail 1
    [optionsOperator] => and
    [condition] => Array
        (
        )

    [priceAdjustment] => 1
    [priceAdjustmentPercent] => 
)

2022-08-24T20:17:26+00:00 DEBUG [ServicesMatcher.php:135] Conditions are not set
2022-08-24T20:17:26+00:00 DEBUG [ServicesMatcher.php:105] addRule, service: usps_priority_express, settings: Array
(
    [enabled] => yes
    [title] => USPS Priority Mail Express 1
    [optionsOperator] => and
    [condition] => Array
        (
        )

    [priceAdjustment] => 2.5
    [priceAdjustmentPercent] => 
)

2022-08-24T20:17:26+00:00 DEBUG [ServicesMatcher.php:135] Conditions are not set
2022-08-24T20:17:26+00:00 DEBUG [ServicesMatcher.php:91] Matched Services: Array
(
    [usps_parcel_select] => 1
    [usps_priority] => 1
    [usps_priority_express] => 1
)

2022-08-24T20:17:26+00:00 DEBUG [ShippingMethodPro.php:310] Allowed Services: Array
(
    [usps_parcel_select] => 1
    [usps_priority] => 1
    [usps_priority_express] => 1
)
, Enabled by default: no
2022-08-24T20:17:26+00:00 DEBUG [RatesFilter.php:85] setSettings: Array
(
    [minRateCost] => 
    [maxRateCost] => 
    [maxShippingRates] => 3
    [priceAdjustmentPercent] => 
    [priceAdjustment] => 
    [services] => Array
        (
            [usps_parcel_select] => Array
                (
                    [enabled] => yes
                    [title] => USPS Parcel Select 1
                    [optionsOperator] => and
                    [condition] => Array
                        (
                        )

                    [priceAdjustment] => 2
                    [priceAdjustmentPercent] => 
                )

            [usps_priority] => Array
                (
                    [enabled] => yes
                    [title] => USPS Priority Mail 1
                    [optionsOperator] => and
                    [condition] => Array
                        (
                        )

                    [priceAdjustment] => 1
                    [priceAdjustmentPercent] => 
                )

            [usps_priority_express] => Array
                (
                    [enabled] => yes
                    [title] => USPS Priority Mail Express 1
                    [optionsOperator] => and
                    [condition] => Array
                        (
                        )

                    [priceAdjustment] => 2.5
                    [priceAdjustmentPercent] => 
                )

        )

    [enableServices] => no
    [allowedServices] => Array
        (
            [usps_parcel_select] => 1
            [usps_priority] => 1
            [usps_priority_express] => 1
        )

)

2022-08-24T20:17:26+00:00 DEBUG [ShippingMethod.php:456] Shippo Shipping - Calculate Shipping, Instance ID 0, weight unit: oz, dimension unit: in
2022-08-24T20:17:26+00:00 DEBUG [PackagePropertiesBuilder.php:99] getPackageProperties
2022-08-24T20:17:26+00:00 DEBUG [PackagePropertiesBuilder.php:184] addRule, propertyName: signature
2022-08-24T20:17:26+00:00 DEBUG [PackagePropertiesBuilder.php:211] Conditions are not set
2022-08-24T20:17:26+00:00 DEBUG [PackagePropertiesBuilder.php:239] Min Total Price is not set
2022-08-24T20:17:26+00:00 DEBUG [PackagePropertiesBuilder.php:184] addRule, propertyName: mediaMail
2022-08-24T20:17:26+00:00 DEBUG [PackagePropertiesBuilder.php:211] Conditions are not set
2022-08-24T20:17:26+00:00 DEBUG [PackagePropertiesBuilder.php:239] Min Total Price is not set
2022-08-24T20:17:26+00:00 DEBUG [PackagePropertiesBuilder.php:105] Matches: Array
(
    [signature] => 1
    [mediaMail] => 1
)

2022-08-24T20:17:26+00:00 DEBUG [PackagePropertiesBuilder.php:164] getPackageMediaProperties
2022-08-24T20:17:26+00:00 DEBUG [PackagePropertiesBuilder.php:171] Media Mail: exclude
2022-08-24T20:17:26+00:00 DEBUG [ShippingMethod.php:468] Destination of the package: Array
(
    [country] => US
    [state] => ID
    [postcode] => 
    [city] => 
    [address] => 
    [address_1] => 
    [address_2] => 
)

2022-08-24T20:17:26+00:00 DEBUG [Packer.php:185] pack
2022-08-24T20:17:26+00:00 DEBUG [BulkPacker.php:66] pack, number of items: 1
2022-08-24T20:17:26+00:00 DEBUG [Packer.php:123] add item Array
(
    [id] => 52
    [name] => Banana Pecan Bread Pudding
    [sku] => 
    [value] => 13.99
    [length] => 7
    [width] => 5
    [height] => 2.65
    [weight] => 5
    [volume] => 92.75
)
 with quantity 1
2022-08-24T20:17:26+00:00 DEBUG [Packer.php:248] add new parcel #0
2022-08-24T20:17:26+00:00 DEBUG [Packer.php:194] try to add item to box #0
2022-08-24T20:17:26+00:00 DEBUG [Fitter.php:117] Item 1 x Array
(
    [id] => 52
    [name] => Banana Pecan Bread Pudding
    [sku] => 
    [value] => 13.99
    [length] => 7
    [width] => 5
    [height] => 2.65
    [weight] => 5
    [volume] => 92.75
)
 can  fit into box Array
(
    [boxName] => Flat Mailing Box
    [type] => parcel
    [length] => 13.68
    [width] => 12
    [height] => 2.87
    [weight] => 5.7
    [thickness] => 0
    [maxweight] => 64
    [maxvolume] => 471.1392
)
 with contents weight 5 and contents volume 92.75
2022-08-24T20:17:26+00:00 DEBUG [Packer.php:203] item has  been packed
2022-08-24T20:17:26+00:00 DEBUG [BulkPacker.php:96] getParcelsAsArray 
2022-08-24T20:17:26+00:00 DEBUG [ParcelsFilters.php:57] filter, parcels before: Array
(
    [0] => Array
        (
            [boxName] => Flat Mailing Box
            [type] => parcel
            [length] => 13.68
            [width] => 12
            [height] => 2.87
            [weight] => 10.7
            [thickness] => 0
            [maxweight] => 64
            [maxvolume] => 471.1392
            [contentsWeight] => 5
            [volume] => 92.75
            [value] => 13.99
            [items] => Array
                (
                    [52] => Array
                        (
                            [id] => 52
                            [name] => Banana Pecan Bread Pudding
                            [sku] => 
                            [value] => 13.99
                            [length] => 7
                            [width] => 5
                            [height] => 2.65
                            [weight] => 5
                            [volume] => 92.75
                            [quantity] => 1
                        )

                )

        )

)

2022-08-24T20:17:26+00:00 DEBUG [ParcelFilters.php:62] filter, parcels before: Array
(
    [0] => Array
        (
            [boxName] => Flat Mailing Box
            [type] => parcel
            [length] => 13.68
            [width] => 12
            [height] => 2.87
            [weight] => 10.7
            [thickness] => 0
            [maxweight] => 64
            [maxvolume] => 471.1392
            [contentsWeight] => 5
            [volume] => 92.75
            [value] => 13.99
            [items] => Array
                (
                    [52] => Array
                        (
                            [id] => 52
                            [name] => Banana Pecan Bread Pudding
                            [sku] => 
                            [value] => 13.99
                            [length] => 7
                            [width] => 5
                            [height] => 2.65
                            [weight] => 5
                            [volume] => 92.75
                            [quantity] => 1
                        )

                )

        )

)

2022-08-24T20:17:26+00:00 DEBUG [ParcelFilters.php:93] filter, parcels before: Array
(
    [boxName] => Flat Mailing Box
    [type] => parcel
    [length] => 13.68
    [width] => 12
    [height] => 2.87
    [weight] => 10.7
    [thickness] => 0
    [maxweight] => 64
    [maxvolume] => 471.1392
    [contentsWeight] => 5
    [volume] => 92.75
    [value] => 13.99
    [items] => Array
        (
            [52] => Array
                (
                    [id] => 52
                    [name] => Banana Pecan Bread Pudding
                    [sku] => 
                    [value] => 13.99
                    [length] => 7
                    [width] => 5
                    [height] => 2.65
                    [weight] => 5
                    [volume] => 92.75
                    [quantity] => 1
                )

        )

)

2022-08-24T20:17:26+00:00 DEBUG [AbstractPropertyValuesAdjustment.php:49] Adjust property length
2022-08-24T20:17:26+00:00 DEBUG [AbstractPropertyValuesAdjustment.php:49] Adjust property width
2022-08-24T20:17:26+00:00 DEBUG [AbstractPropertyValuesAdjustment.php:49] Adjust property height
2022-08-24T20:17:26+00:00 DEBUG [AbstractPropertyValuesAdjustment.php:49] Adjust property weight
2022-08-24T20:17:26+00:00 DEBUG [AddFreightClass.php:69] getFreightClass
2022-08-24T20:17:26+00:00 DEBUG [AddFreightClass.php:125] getParcelDensity
2022-08-24T20:17:26+00:00 DEBUG [AddFreightClass.php:132] Dimensions in inch: Array
(
    [height] => 2.87
    [width] => 12
    [length] => 13.68
)

2022-08-24T20:17:26+00:00 DEBUG [AddFreightClass.php:137] Volume in cubic feet: 0.27265
2022-08-24T20:17:26+00:00 DEBUG [AddFreightClass.php:141] Weight in pounds: 0.668748659183
2022-08-24T20:17:26+00:00 DEBUG [AddFreightClass.php:149] Density (weight per cubic feet): 2.452773369459
2022-08-24T20:17:26+00:00 DEBUG [AddFreightClass.php:112] Freight Class: 300
2022-08-24T20:17:26+00:00 DEBUG [FixItemsWeight.php:41] FixItemsWeight, items: Array
(
    [52] => Array
        (
            [id] => 52
            [name] => Banana Pecan Bread Pudding
            [sku] => 
            [value] => 13.99
            [length] => 7
            [width] => 5
            [height] => 2.65
            [weight] => 5
            [volume] => 92.75
            [quantity] => 1
        )

)

2022-08-24T20:17:26+00:00 DEBUG [ParcelFilters.php:101] filter, parcels after: Array
(
    [boxName] => Flat Mailing Box
    [type] => parcel
    [length] => 13.68
    [width] => 12
    [height] => 2.87
    [weight] => 10.7
    [thickness] => 0
    [maxweight] => 64
    [maxvolume] => 471.1392
    [contentsWeight] => 5
    [volume] => 471.1392
    [value] => 13.99
    [items] => Array
        (
            [52] => Array
                (
                    [id] => 52
                    [name] => Banana Pecan Bread Pudding
                    [sku] => 
                    [value] => 13.99
                    [length] => 7
                    [width] => 5
                    [height] => 2.65
                    [weight] => 5
                    [volume] => 92.75
                    [quantity] => 1
                )

        )

    [freightClass] => 300
)

2022-08-24T20:17:26+00:00 DEBUG [ParcelFilters.php:80] filter, parcels after: Array
(
    [0] => Array
        (
            [boxName] => Flat Mailing Box
            [type] => parcel
            [length] => 13.68
            [width] => 12
            [height] => 2.87
            [weight] => 10.7
            [thickness] => 0
            [maxweight] => 64
            [maxvolume] => 471.1392
            [contentsWeight] => 5
            [volume] => 471.1392
            [value] => 13.99
            [items] => Array
                (
                    [52] => Array
                        (
                            [id] => 52
                            [name] => Banana Pecan Bread Pudding
                            [sku] => 
                            [value] => 13.99
                            [length] => 7
                            [width] => 5
                            [height] => 2.65
                            [weight] => 5
                            [volume] => 92.75
                            [quantity] => 1
                        )

                )

            [freightClass] => 300
        )

)

2022-08-24T20:17:26+00:00 DEBUG [ParcelsFilters.php:63] filter, parcels after: Array
(
    [0] => Array
        (
            [boxName] => Flat Mailing Box
            [type] => parcel
            [length] => 13.68
            [width] => 12
            [height] => 2.87
            [weight] => 10.7
            [thickness] => 0
            [maxweight] => 64
            [maxvolume] => 471.1392
            [contentsWeight] => 5
            [volume] => 471.1392
            [value] => 13.99
            [items] => Array
                (
                    [52] => Array
                        (
                            [id] => 52
                            [name] => Banana Pecan Bread Pudding
                            [sku] => 
                            [value] => 13.99
                            [length] => 7
                            [width] => 5
                            [height] => 2.65
                            [weight] => 5
                            [volume] => 92.75
                            [quantity] => 1
                        )

                )

            [freightClass] => 300
        )

)

2022-08-24T20:17:26+00:00 DEBUG [ShippingMethod.php:472] Number of parcels: 1
2022-08-24T20:17:26+00:00 DEBUG [ShippingMethod.php:567] findShippingRatesForParcels
2022-08-24T20:17:26+00:00 DEBUG [ShippingMethod.php:571] Find shipping rate for parcel #0
2022-08-24T20:17:26+00:00 DEBUG [ShippingMethodPro.php:240] prepareParcel
2022-08-24T20:17:26+00:00 DEBUG [ShippingMethod.php:705] getCustomerAddress -> Array
(
    [state] => ID
    [country] => US
    [email] => info@insideoutfocus.com
    [name] => N/A
    [phone] => 10000000000
)

2022-08-24T20:17:26+00:00 DEBUG [ShippingMethodPro.php:268] Found PostAuthor Vendor: 1
2022-08-24T20:17:26+00:00 DEBUG [ShippingMethodPro.php:292] Origin address: Array
(
    [name] => 
    [company] => Alpine Ranch
    [email] => info@alpineranch.net
    [phone] => 18008888888
    [country] => US
    [state] => ID
    [city] => Emmett
    [postcode] => 83617
    [address] => 2447 W Highway 52
    [address_2] => 
)

2022-08-24T20:17:26+00:00 DEBUG [ShippingMethod.php:590] findShippingRates: Array
(
    [boxName] => Flat Mailing Box
    [type] => parcel
    [length] => 13.68
    [width] => 12
    [height] => 2.87
    [weight] => 10.7
    [thickness] => 0
    [maxweight] => 64
    [maxvolume] => 471.1392
    [contentsWeight] => 5
    [volume] => 471.1392
    [value] => 13.99
    [items] => Array
        (
            [52] => Array
                (
                    [id] => 52
                    [name] => Banana Pecan Bread Pudding
                    [sku] => 
                    [value] => 13.99
                    [length] => 7
                    [width] => 5
                    [height] => 2.65
                    [weight] => 5
                    [volume] => 92.75
                    [quantity] => 1
                )

        )

    [freightClass] => 300
    [seller_id] => 1
    [vendor_id] => 1
    [signature] => no
    [signature_type] => 
    [insurance] => no
    [mediaMail] => exclude
    [destination] => Array
        (
            [state] => ID
            [country] => US
            [email] => info@insideoutfocus.com
            [name] => N/A
            [phone] => 10000000000
        )

    [currency] => USD
    [carriers] => Array
        (
        )

    [cod] => no
    [cod_method] => ANY
    [alcohol] => 
    [dryIce] => 
    [origin] => Array
        (
            [name] => 
            [company] => Alpine Ranch
            [email] => info@alpineranch.net
            [phone] => 18008888888
            [country] => US
            [state] => ID
            [city] => Emmett
            [postcode] => 83617
            [address] => 2447 W Highway 52
            [address_2] => 
        )

)

2022-08-24T20:17:26+00:00 DEBUG [ApiRatesFinder.php:89] findShippingRates
2022-08-24T20:17:26+00:00 DEBUG [ApiRatesFinder.php:141] getPackageShippingRates: Array
(
    [boxName] => Flat Mailing Box
    [type] => parcel
    [length] => 13.68
    [width] => 12
    [height] => 2.87
    [weight] => 10.7
    [thickness] => 0
    [maxweight] => 64
    [maxvolume] => 471.1392
    [contentsWeight] => 5
    [volume] => 471.1392
    [value] => 13.99
    [items] => Array
        (
            [52] => Array
                (
                    [id] => 52
                    [name] => Banana Pecan Bread Pudding
                    [sku] => 
                    [value] => 13.99
                    [length] => 7
                    [width] => 5
                    [height] => 2.65
                    [weight] => 5
                    [volume] => 92.75
                    [quantity] => 1
                )

        )

    [freightClass] => 300
    [seller_id] => 1
    [vendor_id] => 1
    [signature] => no
    [signature_type] => 
    [insurance] => no
    [mediaMail] => 
    [destination] => Array
        (
            [state] => ID
            [country] => US
            [email] => info@insideoutfocus.com
            [name] => N/A
            [phone] => 10000000000
        )

    [currency] => USD
    [carriers] => Array
        (
        )

    [cod] => no
    [cod_method] => ANY
    [alcohol] => 
    [dryIce] => 
    [origin] => Array
        (
            [name] => 
            [company] => Alpine Ranch
            [email] => info@alpineranch.net
            [phone] => 18008888888
            [country] => US
            [state] => ID
            [city] => Emmett
            [postcode] => 83617
            [address] => 2447 W Highway 52
            [address_2] => 
        )

)

2022-08-24T20:17:26+00:00 DEBUG [Executor.php:29] execute, data: Array
(
    [licenseKey] => YSGI-AWVZ-SILD-AE1K-0I0X-KG41
    [enabled] => yes
    [debug] => yes
    [cache] => yes
    [cacheExpirationInSecs] => 43200
    [timeout] => 45
    [sandbox] => no
    [validateProducts] => yes
    [displayAdvancedSettings] => no
    [combineBoxes] => yes
    [useCubeDimensions] => no
    [enableLiveShippingRates] => yes
    [validateAddress] => yes
    [requireCompanyName] => no
    [cod] => no
    [cod_method] => ANY
    [insurance] => no
    [signature] => no
    [signature_type] => 
    [saturday_delivery] => no
    [hold_for_pickup] => no
    [enableBulkShipmentCreation] => no
    [useServiceSettingsForBulkShipmentCreation] => no
    [requireToBulkCreateShipments] => no
    [requireToBulkPurchasePostage] => no
    [requireToBulkPurchaseNewPostage] => no
    [allowMultipleShipments] => yes
    [requireToFetchShippingRates] => yes
    [requireToCreateShipment] => no
    [requireToPurchasePostage] => no
    [requireToConfirmShipmentDetails] => yes
    [pdfAutoPrint] => no
    [pdfAutoPrintDialog] => yes
    [importShipmentsEnabled] => yes
    [importShipmentsCronTaskInterval] => 86400
    [importShipmentsMaxLimit] => 100
    [createOrderEnabled] => no
    [createOrderCronTaskInterval] => 86400
    [createOrderDelayBetweenAttempts] => 172800
    [createOrderMaxLimit] => 100
    [updateShipmentsEnabled] => yes
    [updateShipmentsCronTaskInterval] => 1800
    [updateShipmentsFetchInterval] => 21600
    [updateShipmentsStatusChangeTimeout] => 864000
    [updateShipmentsMaxLimit] => 100
    [shippingZones] => no
    [displayDeliveryTime] => yes
    [displayTrackingType] => no
    [mediaMail] => 
    [notifyForStatus] => Array
        (
            [0] => any
        )

    [completeOrderForStatuses] => 
    [fetchRatesPageCondition] => 
    [fetchRatesOnPages] => Array
        (
            [0] => any
            [1] => cart
            [2] => checkout
        )

    [defaultCountryOfOrigin] => US
    [defaultShipmentDescription] => Freeze Dried Meals
    [origin] => Array
        (
            [name] => 
            [company] => Alpine Ranch
            [email] => info@alpineranch.net
            [phone] => 18008888888
            [country] => US
            [state] => ID
            [city] => Emmett
            [postcode] => 83617
            [address] => 2447 W Highway 52
            [address_2] => 
        )

    [weight_unit] => oz
    [dimension_unit] => in
    [defaultWeight] => 3.53
    [defaultLength] => 3.94
    [defaultWidth] => 3.94
    [defaultHeight] => 1.97
    [minWeight] => 3.53
    [minLength] => 7.87
    [minWidth] => 7.87
    [minHeight] => 0.79
    [liveApiToken] => shippo_live_e7cf86bf957ad2eba28934a0293560bdb5d498d2
    [testApiToken] => 
    [labelFileType] => PDF_4x6
    [defaultTariff] => 
    [minRateCost] => 
    [maxRateCost] => 
    [maxShippingRates] => 3
    [weightAdjustment] => 
    [weightAdjustmentPercent] => 
    [priceAdjustment] => 
    [priceAdjustmentPercent] => 
    [createOrderForStatuses] => 
    [defaultContents] => MERCHANDISE
    [defaultDomesticService] => 
    [defaultInternationService] => 
    [useSellerAddress] => yes
    [shippingZoneFields] => 
    [signatureCondition] => 
    [signatureMinTotalPrice] => 
    [alcoholCondition] => 
    [boxes] => Array
        (
            [0] => Array
                (
                    [enabled] => yes
                    [boxName] => Large Priority Mail Box
                    [type] => parcel
                    [maxweight] => 120
                    [length] => 12.25
                    [width] => 12
                    [height] => 8
                    [thickness] => 0
                    [weight] => 11
                )

            [1] => Array
                (
                    [enabled] => yes
                    [boxName] => Flat Mailing Box
                    [type] => parcel
                    [maxweight] => 64
                    [length] => 13.68
                    [width] => 12
                    [height] => 2.87
                    [thickness] => 0
                    [weight] => 5.7
                )

        )

    [enableServices] => no
    [services] => Array
        (
            [usps_parcel_select] => Array
                (
                    [enabled] => yes
                    [title] => USPS Parcel Select 1
                    [optionsOperator] => and
                    [condition] => Array
                        (
                        )

                    [priceAdjustment] => 2
                    [priceAdjustmentPercent] => 
                )

            [usps_priority] => Array
                (
                    [enabled] => yes
                    [title] => USPS Priority Mail 1
                    [optionsOperator] => and
                    [condition] => Array
                        (
                        )

                    [priceAdjustment] => 1
                    [priceAdjustmentPercent] => 
                )

            [usps_priority_express] => Array
                (
                    [enabled] => yes
                    [title] => USPS Priority Mail Express 1
                    [optionsOperator] => and
                    [condition] => Array
                        (
                        )

                    [priceAdjustment] => 2.5
                    [priceAdjustmentPercent] => 
                )

        )

    [boxName] => Flat Mailing Box
    [type] => parcel
    [length] => 13.68
    [width] => 12
    [height] => 2.87
    [weight] => 10.7
    [thickness] => 0
    [maxweight] => 64
    [maxvolume] => 471.1392
    [contentsWeight] => 5
    [volume] => 471.1392
    [value] => 13.99
    [items] => Array
        (
            [52] => Array
                (
                    [id] => 52
                    [name] => Banana Pecan Bread Pudding
                    [sku] => 
                    [value] => 13.99
                    [length] => 7
                    [width] => 5
                    [height] => 2.65
                    [weight] => 5
                    [volume] => 92.75
                    [quantity] => 1
                )

        )

    [freightClass] => 300
    [seller_id] => 1
    [vendor_id] => 1
    [destination] => Array
        (
            [state] => ID
            [country] => US
            [email] => info@insideoutfocus.com
            [name] => N/A
            [phone] => 10000000000
        )

    [currency] => USD
    [carriers] => Array
        (
        )

    [alcohol] => 
    [dryIce] => 
)

2022-08-24T20:17:26+00:00 DEBUG [EndPointFactory.php:93] create, endPointName: GetRates
2022-08-24T20:17:26+00:00 DEBUG [EndPointFactory.php:98] EndPoint class name: \OneTeamSoftware\ShippingCarrier\Shippo\EndPoint\GetRates
2022-08-24T20:17:26+00:00 DEBUG [RequestExecutor.php:84] execute, canUse: yes, route: shipments, method: POST
2022-08-24T20:17:26+00:00 DEBUG [GetRates.php:115] getPostData: Array
(
    [async] => 
    [mode] => production
    [extra] => 
    [metadata] => 
    [address_from] => Array
        (
            [validate] => 
            [residential] => 
            [name] => Resident
            [company] => Alpine Ranch
            [email] => info@alpineranch.net
            [phone] => 18008888888
            [country] => US
            [state] => ID
            [zip] => 83617
            [city] => Emmett
            [street1] => 2447 W Highway 52
            [street2] => 
        )

    [address_to] => Array
        (
            [validate] => 1
            [residential] => 1
            [name] => N/A
            [company] => 
            [email] => info@insideoutfocus.com
            [phone] => 10000000000
            [country] => US
            [state] => ID
            [zip] => 
            [city] => 
            [street1] => 
            [street2] => 
        )

    [parcels] => Array
        (
            [0] => Array
                (
                    [weight] => 10.7
                    [mass_unit] => oz
                    [length] => 13.68
                    [width] => 12
                    [height] => 2.87
                    [distance_unit] => in
                )

        )

    [customs_declaration] => 
)

2022-08-24T20:17:26+00:00 DEBUG [Client.php:63] sendAsync, method: POST, uri: https://api.goshippo.com/shipments, headers: Array
(
    [Content-Type] => application/json
    [Authorization] => ShippoToken shippo_live_e7cf86bf957ad2eba28934a0293560bdb5d498d2
)
, body: {"async":false,"mode":"production","extra":null,"metadata":"","address_from":{"validate":false,"residential":false,"name":"Resident","company":"Alpine Ranch","email":"info@alpineranch.net","phone":"18008888888","country":"US","state":"ID","zip":"83617","city":"Emmett","street1":"2447 W Highway 52","street2":""},"address_to":{"validate":true,"residential":true,"name":"N\/A","company":"","email":"info@insideoutfocus.com","phone":"10000000000","country":"US","state":"ID","zip":"","city":"","street1":"","street2":""},"parcels":[{"weight":10.7,"mass_unit":"oz","length":13.68,"width":12,"height":2.87,"distance_unit":"in"}],"customs_declaration":null}
2022-08-24T20:17:27+00:00 DEBUG [Client.php:98] Response code: 201, contents: {"carrier_accounts": [], "object_created": "2022-08-24T20:17:26.467Z", "object_updated": "2022-08-24T20:17:27.572Z", "object_id": "a14eec1653364d908ab3f8946ed89a58", "object_owner": "logan@alpineranch.net", "status": "SUCCESS", "address_from": {"object_id": "d6918aa6b97247bfb661894cde75dcb1", "is_complete": true, "name": "Resident", "company": "Alpine Ranch", "street_no": "", "street1": "2447 W Highway 52", "validation_results": {}, "street2": "", "street3": "", "city": "Emmett", "state": "ID", "zip": "83617", "country": "US", "phone": "18008888888", "email": "info@alpineranch.net", "is_residential": null, "test": false}, "address_to": {"object_id": "02deb8c1965f4d748205e76bc0ffb4f1", "is_complete": false, "name": "N/A", "company": "", "street_no": "", "street1": "", "validation_results": {"is_valid": false, "messages": [{"source": "Shippo Address Validator", "code": "Invalid City", "type": "address_error", "text": "The City in the address submitted is invalid. Remember, city names cannot begin with numbers."}]}, "street2": "", "street3": "", "city": "", "state": "ID", "zip": "", "country": "US", "phone": "10000000000", "email": "info@insideoutfocus.com", "is_residential": null, "test": false}, "parcels": [{"object_state": "VALID", "object_created": "2022-08-24T20:17:26.434Z", "object_updated": "2022-08-24T20:17:26.493Z", "object_id": "a250b87569e34c859640c88176ea1a55", "object_owner": "logan@alpineranch.net", "template": null, "extra": {}, "length": "13.6800", "width": "12.0000", "height": "2.8700", "distance_unit": "in", "weight": "10.7000", "mass_unit": "oz", "value_amount": null, "value_currency": null, "metadata": "", "line_items": [], "test": false}], "shipment_date": "2022-08-24T20:17:27.436Z", "address_return": {"object_id": "d6918aa6b97247bfb661894cde75dcb1", "is_complete": true, "name": "Resident", "company": "Alpine Ranch", "street_no": "", "street1": "2447 W Highway 52", "validation_results": {}, "street2": "", "street3": "", "city": "Emmett", "state": "ID", "zip": "83617", "country": "US", "phone": "18008888888", "email": "info@alpineranch.net", "is_residential": null, "test": false}, "alternate_address_to": null, "customs_declaration": null, "extra": {}, "rates": [], "messages": [], "metadata": "", "test": false, "order": null}
2022-08-24T20:17:27+00:00 DEBUG [JsonResponseHandler.php:28] Response: {"carrier_accounts": [], "object_created": "2022-08-24T20:17:26.467Z", "object_updated": "2022-08-24T20:17:27.572Z", "object_id": "a14eec1653364d908ab3f8946ed89a58", "object_owner": "logan@alpineranch.net", "status": "SUCCESS", "address_from": {"object_id": "d6918aa6b97247bfb661894cde75dcb1", "is_complete": true, "name": "Resident", "company": "Alpine Ranch", "street_no": "", "street1": "2447 W Highway 52", "validation_results": {}, "street2": "", "street3": "", "city": "Emmett", "state": "ID", "zip": "83617", "country": "US", "phone": "18008888888", "email": "info@alpineranch.net", "is_residential": null, "test": false}, "address_to": {"object_id": "02deb8c1965f4d748205e76bc0ffb4f1", "is_complete": false, "name": "N/A", "company": "", "street_no": "", "street1": "", "validation_results": {"is_valid": false, "messages": [{"source": "Shippo Address Validator", "code": "Invalid City", "type": "address_error", "text": "The City in the address submitted is invalid. Remember, city names cannot begin with numbers."}]}, "street2": "", "street3": "", "city": "", "state": "ID", "zip": "", "country": "US", "phone": "10000000000", "email": "info@insideoutfocus.com", "is_residential": null, "test": false}, "parcels": [{"object_state": "VALID", "object_created": "2022-08-24T20:17:26.434Z", "object_updated": "2022-08-24T20:17:26.493Z", "object_id": "a250b87569e34c859640c88176ea1a55", "object_owner": "logan@alpineranch.net", "template": null, "extra": {}, "length": "13.6800", "width": "12.0000", "height": "2.8700", "distance_unit": "in", "weight": "10.7000", "mass_unit": "oz", "value_amount": null, "value_currency": null, "metadata": "", "line_items": [], "test": false}], "shipment_date": "2022-08-24T20:17:27.436Z", "address_return": {"object_id": "d6918aa6b97247bfb661894cde75dcb1", "is_complete": true, "name": "Resident", "company": "Alpine Ranch", "street_no": "", "street1": "2447 W Highway 52", "validation_results": {}, "street2": "", "street3": "", "city": "Emmett", "state": "ID", "zip": "83617", "country": "US", "phone": "18008888888", "email": "info@alpineranch.net", "is_residential": null, "test": false}, "alternate_address_to": null, "customs_declaration": null, "extra": {}, "rates": [], "messages": [], "metadata": "", "test": false, "order": null}
2022-08-24T20:17:27+00:00 DEBUG [GetRates.php:128] getResponse: Array
(
    [carrier_accounts] => Array
        (
        )

    [object_created] => 2022-08-24T20:17:26.467Z
    [object_updated] => 2022-08-24T20:17:27.572Z
    [object_id] => a14eec1653364d908ab3f8946ed89a58
    [object_owner] => logan@alpineranch.net
    [status] => SUCCESS
    [address_from] => Array
        (
            [object_id] => d6918aa6b97247bfb661894cde75dcb1
            [is_complete] => 1
            [name] => Resident
            [company] => Alpine Ranch
            [street_no] => 
            [street1] => 2447 W Highway 52
            [validation_results] => Array
                (
                )

            [street2] => 
            [street3] => 
            [city] => Emmett
            [state] => ID
            [zip] => 83617
            [country] => US
            [phone] => 18008888888
            [email] => info@alpineranch.net
            [is_residential] => 
            [test] => 
        )

    [address_to] => Array
        (
            [object_id] => 02deb8c1965f4d748205e76bc0ffb4f1
            [is_complete] => 
            [name] => N/A
            [company] => 
            [street_no] => 
            [street1] => 
            [validation_results] => Array
                (
                    [is_valid] => 
                    [messages] => Array
                        (
                            [0] => Array
                                (
                                    [source] => Shippo Address Validator
                                    [code] => Invalid City
                                    [type] => address_error
                                    [text] => The City in the address submitted is invalid. Remember, city names cannot begin with numbers.
                                )

                        )

                )

            [street2] => 
            [street3] => 
            [city] => 
            [state] => ID
            [zip] => 
            [country] => US
            [phone] => 10000000000
            [email] => info@insideoutfocus.com
            [is_residential] => 
            [test] => 
        )

    [parcels] => Array
        (
            [0] => Array
                (
                    [object_state] => VALID
                    [object_created] => 2022-08-24T20:17:26.434Z
                    [object_updated] => 2022-08-24T20:17:26.493Z
                    [object_id] => a250b87569e34c859640c88176ea1a55
                    [object_owner] => logan@alpineranch.net
                    [template] => 
                    [extra] => Array
                        (
                        )

                    [length] => 13.6800
                    [width] => 12.0000
                    [height] => 2.8700
                    [distance_unit] => in
                    [weight] => 10.7000
                    [mass_unit] => oz
                    [value_amount] => 
                    [value_currency] => 
                    [metadata] => 
                    [line_items] => Array
                        (
                        )

                    [test] => 
                )

        )

    [shipment_date] => 2022-08-24T20:17:27.436Z
    [address_return] => Array
        (
            [object_id] => d6918aa6b97247bfb661894cde75dcb1
            [is_complete] => 1
            [name] => Resident
            [company] => Alpine Ranch
            [street_no] => 
            [street1] => 2447 W Highway 52
            [validation_results] => Array
                (
                )

            [street2] => 
            [street3] => 
            [city] => Emmett
            [state] => ID
            [zip] => 83617
            [country] => US
            [phone] => 18008888888
            [email] => info@alpineranch.net
            [is_residential] => 
            [test] => 
        )

    [alternate_address_to] => 
    [customs_declaration] => 
    [extra] => Array
        (
        )

    [rates] => Array
        (
        )

    [messages] => Array
        (
        )

    [metadata] => 
    [test] => 
    [order] => 
)

2022-08-24T20:17:27+00:00 DEBUG [GetRates.php:230] Address is valid
2022-08-24T20:17:27+00:00 DEBUG [GetRates.php:235] Address is invalid: Array
(
    [is_valid] => 
    [messages] => Array
        (
            [0] => Array
                (
                    [source] => Shippo Address Validator
                    [code] => Invalid City
                    [type] => address_error
                    [text] => The City in the address submitted is invalid. Remember, city names cannot begin with numbers.
                )

        )

)

2022-08-24T20:17:27+00:00 DEBUG [GetRates.php:146] New Response: Array
(
    [shipment] => Array
        (
            [id] => a14eec1653364d908ab3f8946ed89a58::::::d6918aa6b97247bfb661894cde75dcb1:
            [shipment_id] => a14eec1653364d908ab3f8946ed89a58
            [rate_id] => 
            [transaction_id] => 
            [carrier_tracking_code] => 
            [carrier] => 
            [carrier_id] => 
            [from_address_id] => d6918aa6b97247bfb661894cde75dcb1
            [service] => 
            [ship_date] => 2022-08-24T20:17:27+00:00
            [rates] => Array
                (
                )

        )

    [validation_errors] => Array
        (
            [destination] => Array
                (
                    [0] => The City in the address submitted is invalid. Remember, city names cannot begin with numbers.
                )

        )

)

2022-08-24T20:17:27+00:00 DEBUG [ApiRatesFinder.php:164] rates: Array
(
)

2022-08-24T20:17:27+00:00 DEBUG [ShippingMethod.php:603] Validation Errors: Array
(
    [destination] => Array
        (
            [0] => The City in the address submitted is invalid. Remember, city names cannot begin with numbers.
        )

)

2022-08-24T20:17:27+00:00 DEBUG [ShippingMethod.php:608] no shipping rates have been found
2022-08-24T20:17:27+00:00 DEBUG [ShippingMethod.php:755] combineRates
2022-08-24T20:17:27+00:00 DEBUG [ShippingMethod.php:791] Combined Rates: Array
(
)

2022-08-24T20:22:55+00:00 DEBUG [UpdateShipmentsCronTask.php:102] execute
2022-08-24T20:22:55+00:00 DEBUG [OrderShipments.php:241] getInTransit, minStatusChangedTime: 1660508575, maxUpdatedTime: 1661350975, limit: 100, offset: 0
2022-08-24T20:22:55+00:00 DEBUG [OrderShipments.php:264] Query: SELECT t_shipments.*, t_updated.meta_value AS updated, t_status_changed.meta_value AS changed
			FROM wp_postmeta t_shipments 
				INNER JOIN wp_postmeta t_updated ON t_updated.post_id = t_shipments.post_id AND t_updated.meta_key = 'wc-shippo-shipping_shipments_updated'
				LEFT JOIN wp_postmeta t_status_changed ON t_status_changed.post_id = t_shipments.post_id AND t_status_changed.meta_key = 'wc-shippo-shipping_shipments_status_changed'
			WHERE t_shipments.meta_key = 'wc-shippo-shipping_shipments' 
				AND CAST(t_updated.meta_value AS SIGNED) <= 1661350975
				AND (t_status_changed.meta_value IS NULL OR CAST(t_status_changed.meta_value AS SIGNED) >= 1660508575)
			ORDER BY updated ASC
			LIMIT 0,100
2022-08-24T20:22:55+00:00 DEBUG [OrderShipments.php:270] Number of rows: 0
2022-08-24T20:22:55+00:00 DEBUG [UpdateShipmentsCronTask.php:116] We have 0 shipments to check
2022-08-24T20:22:55+00:00 DEBUG [UpdateShipmentsCronTask.php:138] finished
2022-08-24T20:53:29+00:00 DEBUG [UpdateShipmentsCronTask.php:102] execute
2022-08-24T20:53:29+00:00 DEBUG [OrderShipments.php:241] getInTransit, minStatusChangedTime: 1660510409, maxUpdatedTime: 1661352809, limit: 100, offset: 0
2022-08-24T20:53:29+00:00 DEBUG [OrderShipments.php:264] Query: SELECT t_shipments.*, t_updated.meta_value AS updated, t_status_changed.meta_value AS changed
			FROM wp_postmeta t_shipments 
				INNER JOIN wp_postmeta t_updated ON t_updated.post_id = t_shipments.post_id AND t_updated.meta_key = 'wc-shippo-shipping_shipments_updated'
				LEFT JOIN wp_postmeta t_status_changed ON t_status_changed.post_id = t_shipments.post_id AND t_status_changed.meta_key = 'wc-shippo-shipping_shipments_status_changed'
			WHERE t_shipments.meta_key = 'wc-shippo-shipping_shipments' 
				AND CAST(t_updated.meta_value AS SIGNED) <= 1661352809
				AND (t_status_changed.meta_value IS NULL OR CAST(t_status_changed.meta_value AS SIGNED) >= 1660510409)
			ORDER BY updated ASC
			LIMIT 0,100
2022-08-24T20:53:29+00:00 DEBUG [OrderShipments.php:270] Number of rows: 0
2022-08-24T20:53:29+00:00 DEBUG [UpdateShipmentsCronTask.php:116] We have 0 shipments to check
2022-08-24T20:53:29+00:00 DEBUG [UpdateShipmentsCronTask.php:138] finished
2022-08-24T23:07:21+00:00 DEBUG [UpdateShipmentsCronTask.php:102] execute
2022-08-24T23:07:21+00:00 DEBUG [OrderShipments.php:241] getInTransit, minStatusChangedTime: 1660518441, maxUpdatedTime: 1661360841, limit: 100, offset: 0
2022-08-24T23:07:21+00:00 DEBUG [OrderShipments.php:264] Query: SELECT t_shipments.*, t_updated.meta_value AS updated, t_status_changed.meta_value AS changed
			FROM wp_postmeta t_shipments 
				INNER JOIN wp_postmeta t_updated ON t_updated.post_id = t_shipments.post_id AND t_updated.meta_key = 'wc-shippo-shipping_shipments_updated'
				LEFT JOIN wp_postmeta t_status_changed ON t_status_changed.post_id = t_shipments.post_id AND t_status_changed.meta_key = 'wc-shippo-shipping_shipments_status_changed'
			WHERE t_shipments.meta_key = 'wc-shippo-shipping_shipments' 
				AND CAST(t_updated.meta_value AS SIGNED) <= 1661360841
				AND (t_status_changed.meta_value IS NULL OR CAST(t_status_changed.meta_value AS SIGNED) >= 1660518441)
			ORDER BY updated ASC
			LIMIT 0,100
2022-08-24T23:07:21+00:00 DEBUG [OrderShipments.php:270] Number of rows: 0
2022-08-24T23:07:21+00:00 DEBUG [UpdateShipmentsCronTask.php:116] We have 0 shipments to check
2022-08-24T23:07:21+00:00 DEBUG [UpdateShipmentsCronTask.php:138] finished
